<?xml version="1.0" encoding="UTF-8"?>
<testng-results skipped="0" failed="0" total="1" passed="1">
  <reporter-output>
  </reporter-output>
  <suite name="Surefire suite" duration-ms="113" started-at="2016-02-04T04:34:09Z" finished-at="2016-02-04T04:34:09Z">
    <groups>
    </groups>
    <test name="Surefire test" duration-ms="113" started-at="2016-02-04T04:34:09Z" finished-at="2016-02-04T04:34:09Z">
      <class name="com.optus.wordcount.service.impl.CounterServiceImplTest">
        <test-method status="PASS" signature="setUp()[pri:0, instance:com.optus.wordcount.service.impl.CounterServiceImplTest@356e1c1a]" name="setUp" is-config="true" duration-ms="91" started-at="2016-02-04T15:34:09Z" finished-at="2016-02-04T15:34:09Z">
          <reporter-output>
          </reporter-output>
        </test-method> <!-- setUp -->
        <test-method status="PASS" signature="countEveryWordTest()[pri:0, instance:com.optus.wordcount.service.impl.CounterServiceImplTest@356e1c1a]" name="countEveryWordTest" duration-ms="14" started-at="2016-02-04T15:34:09Z" finished-at="2016-02-04T15:34:09Z">
          <reporter-output>
          </reporter-output>
        </test-method> <!-- countEveryWordTest -->
      </class> <!-- com.optus.wordcount.service.impl.CounterServiceImplTest -->
    </test> <!-- Surefire test -->
  </suite> <!-- Surefire suite -->
</testng-results>
