<?xml version="1.0" encoding="UTF-8"?>
<testng-results skipped="0" failed="0" total="1" passed="1">
  <reporter-output>
  </reporter-output>
  <suite name="Default suite" duration-ms="136" started-at="2016-02-04T04:32:56Z" finished-at="2016-02-04T04:32:56Z">
    <groups>
    </groups>
    <test name="Default test" duration-ms="136" started-at="2016-02-04T04:32:56Z" finished-at="2016-02-04T04:32:56Z">
      <class name="com.optus.wordcount.service.impl.CounterServiceImplTest">
        <test-method status="PASS" signature="setUp()[pri:0, instance:com.optus.wordcount.service.impl.CounterServiceImplTest@77c55a79]" name="setUp" is-config="true" duration-ms="98" started-at="2016-02-04T15:32:56Z" finished-at="2016-02-04T15:32:56Z">
          <reporter-output>
          </reporter-output>
        </test-method> <!-- setUp -->
        <test-method status="PASS" signature="countEveryWordTest()[pri:0, instance:com.optus.wordcount.service.impl.CounterServiceImplTest@77c55a79]" name="countEveryWordTest" duration-ms="28" started-at="2016-02-04T15:32:56Z" finished-at="2016-02-04T15:32:56Z">
          <reporter-output>
          </reporter-output>
        </test-method> <!-- countEveryWordTest -->
      </class> <!-- com.optus.wordcount.service.impl.CounterServiceImplTest -->
    </test> <!-- Default test -->
  </suite> <!-- Default suite -->
</testng-results>
